<?xml version="1.0" encoding="UTF-8" ?>
<testsuites errors="1"
            failures="1"
            tests="1">

  <testsuite name="debugging.test"
    errors="1" failures="1" hostname="" id="" package="debugging.test" skipped="0"
    tests="1" time="8.705" timestamp="">
  
    <testcase name="Should find results when searching for &#39;applitools&#39;" classname="debugging.test" time="8.705" assertions="2">

      <failure message="Failed [equal]: ({
  error: &#39;An error occurred while running .getText() command on &lt;Element [name=@postTitle]&gt;: &#39;,
  message: &#39;An error occurred while running .getText() command on &lt;Element [name=@postTitle]&gt;: &#39;,
  stack: &#39;NoSuchElementError: An error occurred while running .getText() command on &lt;Element [name=@postTitle]&gt;: \n&#39; +
    &#39;    at GetText.noSuchElementError (C:\\Users\\marb6\\OneDrive\\Documents\\NightwatchProjects\\nightwatch-tutorial\\node_modules\\nightwatch\\lib\\element\\command.js:399:12)\n&#39; +
    &#39;    a... == &#39;Appltools Bugs and Test Steps&#39;) - expected &#34;Appltools Bugs and Test Steps&#34; but got: &#34;[object Object]&#34; (1002ms)">  error: &#39;An error occurred while running .getText() command on &lt;Element [name=@postTitle]&gt;: &#39;,
  message: &#39;An error occurred while running .getText() command on &lt;Element [name=@postTitle]&gt;: &#39;,
  stack: &#39;NoSuchElementError: An error occurred while running .getText() command on &lt;Element [name=@postTitle]&gt;: \n&#39; +
    &#39;    a... == &#39;Appltools Bugs and Test Steps&#39;
    at NightwatchAPI.&lt;anonymous&gt; (C:\Users\marb6\OneDrive\Documents\NightwatchProjects\nightwatch-tutorial\tests\debugging.test.js:15:32)</failure>
<system-out>[[ATTACHMENT|C:\Users\marb6\OneDrive\Documents\NightwatchProjects\nightwatch-tutorial\screenshots\debugging.test\Should-find-results-when-searching-for-applitools_FAILED_Dec-07-2020-210022-GMT+0000-(Greenwich-Mean.png]]</system-out>
    
    <error message="Error while running &#34;equal&#34; command: Failed [equal]: ({
  error: &#39;An error occurred while running .getText() command on &lt;Element [name=@postTitle]&gt;: &#39;,
  message: &#39;An error occurred while running .getText() command on &lt;Element [name=@postTitle]&gt;: &#39;,
  stack: &#39;NoSuchElementError: An error occurred while running .getText() command on &lt;Element [name=@postTitle]&gt;: \n&#39; +
    &#39;    at GetText.noSuchElementError (C:\\Users\\marb6\\OneDrive\\Documents\\NightwatchProjects\\nightwatch-tutorial\\node_modules\\nightwatch\\lib\\element\\command.js:399:12)\n&#39; +
    &#39;    a... == &#39;Appltools Bugs and Test Steps&#39;) - expected [0;32m&#34;Appltools Bugs and Test Steps&#34;[0m but got: [0;31m&#34;[object Object]&#34;[0m [0;90m(1002ms)[0m" type="error"><![CDATA[
      error: &#39;An error occurred while running .getText() command on &lt;Element [name=@postTitle]&gt;: &#39;,
  message: &#39;An error occurred while running .getText() command on &lt;Element [name=@postTitle]&gt;: &#39;,
  stack: &#39;NoSuchElementError: An error occurred while running .getText() command on &lt;Element [name=@postTitle]&gt;: \n&#39; +
    &#39;    a... == &#39;Appltools Bugs and Test Steps&#39;
    at NightwatchAPI.&lt;anonymous&gt; (C:\Users\marb6\OneDrive\Documents\NightwatchProjects\nightwatch-tutorial\tests\debugging.test.js:15:32)
    ]]></error>
    
    </testcase>
  

  
    <system-err>
        NoSuchElementError: An error occurred while running .getText() command on &lt;Element [name=@postTitle]&gt;: 
   {&#34;sessionId&#34;:&#34;79061beaf1f640ec98f79f32865ceadb&#34;,&#34;status&#34;:0,&#34;value&#34;:[]}
       at processTicksAndRejections (internal/process/task_queues.js:97:5)
    </system-err>
  

    

  
  </testsuite>
</testsuites>
